<?xml version="1.0" encoding="UTF-8"?>
<testng-results ignored="0" total="1" passed="1" failed="0" skipped="0">
  <reporter-output>
    <line>
      <![CDATA[Stock-000002875      Stock-000002875]]>
    </line>
    <line>
      <![CDATA[Customer-00000010320     Customer-00000010320]]>
    </line>
  </reporter-output>
  <suite started-at="2024-09-10T10:43:43Z" name="Default suite" finished-at="2024-09-10T10:44:58Z" duration-ms="74455">
    <groups>
    </groups>
    <test started-at="2024-09-10T10:43:43Z" name="Default test" finished-at="2024-09-10T10:44:58Z" duration-ms="74455">
      <class name="driverFactory.AppTest">
        <test-method signature="kickstart()[pri:0, instance:driverFactory.AppTest@7b205dbd]" started-at="2024-09-10T10:43:43Z" name="kickstart" finished-at="2024-09-10T10:44:58Z" duration-ms="74437" status="PASS">
          <reporter-output>
            <line>
              <![CDATA[Stock-000002875      Stock-000002875]]>
            </line>
            <line>
              <![CDATA[Customer-00000010320     Customer-00000010320]]>
            </line>
          </reporter-output>
        </test-method> <!-- kickstart -->
      </class> <!-- driverFactory.AppTest -->
    </test> <!-- Default test -->
  </suite> <!-- Default suite -->
</testng-results>
